<?xml version="1.0" encoding="UTF-8"?>
<!-- Generated by org.testng.reporters.JUnitReportReporter -->
<testsuite skipped="0" hostname="DESKTOP-EEO1ESL" name="scripts.TC014" tests="1" failures="0" timestamp="2019-11-28T17:27:34 IST" time="18.381" errors="0">
  <testcase name="testcase" time="18.381" classname="scripts.TC014"/>
</testsuite> <!-- scripts.TC014 -->
