<?xml version="1.0" encoding="UTF-8"?>
<!-- Generated by org.testng.reporters.JUnitReportReporter -->
<testsuite skipped="0" hostname="DESKTOP-EEO1ESL" name="scripts.TC015" tests="1" failures="0" timestamp="2019-11-28T17:23:27 IST" time="45.919" errors="0">
  <testcase name="testcase" time="45.919" classname="scripts.TC015"/>
</testsuite> <!-- scripts.TC015 -->
