<?xml version="1.0" encoding="UTF-8"?>
<!-- Generated by org.testng.reporters.JUnitReportReporter -->
<testsuite skipped="0" hostname="DESKTOP-EEO1ESL" name="scripts.TC013" tests="1" failures="0" timestamp="2019-11-28T17:28:16 IST" time="17.535" errors="0">
  <testcase name="testcase" time="17.535" classname="scripts.TC013"/>
</testsuite> <!-- scripts.TC013 -->
